{"level":"info","message":"🚀 Server running on port 3001","service":"chronix-backend"}
{"level":"info","message":"🔧 Debug endpoints available:","service":"chronix-backend"}
{"level":"info","message":"   - http://localhost:3001/test","service":"chronix-backend"}
{"level":"info","message":"   - http://localhost:3001/test-users","service":"chronix-backend"}
{"level":"info","message":"📧 Default admin credentials:","service":"chronix-backend"}
{"level":"info","message":"   - Email: admin@gmail.com","service":"chronix-backend"}
{"level":"info","message":"   - Password: admin","service":"chronix-backend"}
{"level":"info","message":"📁 File uploads directory: C:\\CHRONIX\\uploads","service":"chronix-backend"}
{"level":"info","message":"🎓 Student endpoints:","service":"chronix-backend"}
{"level":"info","message":"   - http://localhost:3001/users/students","service":"chronix-backend"}
{"level":"info","message":"   - http://localhost:3001/users/students/section/:section","service":"chronix-backend"}
{"level":"info","message":"   - http://localhost:3001/users/students/year-level/:yearLevel","service":"chronix-backend"}
{"level":"info","message":"📊 Dashboard endpoints:","service":"chronix-backend"}
{"level":"info","message":"   - http://localhost:3001/dashboard-counts","service":"chronix-backend"}
{"level":"info","message":"   - http://localhost:3001/room-stats","service":"chronix-backend"}
{"level":"info","message":"   - http://localhost:3001/students-per-section","service":"chronix-backend"}
{"level":"info","message":"   - http://localhost:3001/students-per-room","service":"chronix-backend"}
{"level":"info","message":"✅ Connected to MongoDB!","service":"chronix-backend"}
{"level":"info","message":"✅ Admin user already exists","service":"chronix-backend"}
{"level":"info","message":"✅ Subject indexes synchronized.","service":"chronix-backend"}
{"body":{},"level":"info","message":"GET /index.html","service":"chronix-backend"}
{"body":{},"level":"info","message":"GET /css/style.css","service":"chronix-backend"}
{"body":{},"level":"info","message":"GET /img/img/CTU_new_logo-removebg-preview.png","service":"chronix-backend"}
{"body":{},"level":"info","message":"GET /img/img/CHRONIX_LOGO.png","service":"chronix-backend"}
{"body":{},"level":"info","message":"GET /js/script.js","service":"chronix-backend"}
{"body":{},"level":"info","message":"GET /img/img/educ_animated1.png","service":"chronix-backend"}
{"body":{},"level":"info","message":"GET /auth.html","service":"chronix-backend"}
{"body":{},"level":"info","message":"GET /js/api-config.js","service":"chronix-backend"}
{"body":{},"level":"info","message":"GET /css/auth.css","service":"chronix-backend"}
{"body":{},"level":"info","message":"GET /js/error-handler.js","service":"chronix-backend"}
{"body":{},"level":"info","message":"GET /img/img/CTU_new_logo-removebg-preview.png","service":"chronix-backend"}
{"body":{},"level":"info","message":"GET /img/img/CHRONIX_LOGO.png","service":"chronix-backend"}
{"body":{},"level":"info","message":"GET /js/auth.js","service":"chronix-backend"}
{"body":{},"level":"info","message":"GET /img/img/educ_animated1.png","service":"chronix-backend"}
{"body":{},"level":"info","message":"GET /index.html","service":"chronix-backend"}
{"body":{},"level":"info","message":"GET /css/style.css","service":"chronix-backend"}
{"body":{},"level":"info","message":"GET /img/img/CTU_new_logo-removebg-preview.png","service":"chronix-backend"}
{"body":{},"level":"info","message":"GET /img/img/CHRONIX_LOGO.png","service":"chronix-backend"}
{"body":{},"level":"info","message":"GET /js/script.js","service":"chronix-backend"}
{"body":{},"level":"info","message":"GET /auth.html","service":"chronix-backend"}
{"body":{},"level":"info","message":"GET /css/auth.css","service":"chronix-backend"}
{"body":{},"level":"info","message":"GET /img/img/CTU_new_logo-removebg-preview.png","service":"chronix-backend"}
{"body":{},"level":"info","message":"GET /img/img/CHRONIX_LOGO.png","service":"chronix-backend"}
{"body":{},"level":"info","message":"GET /js/api-config.js","service":"chronix-backend"}
{"body":{},"level":"info","message":"GET /js/error-handler.js","service":"chronix-backend"}
{"body":{},"level":"info","message":"GET /js/auth.js","service":"chronix-backend"}
{"body":{},"level":"info","message":"GET /auth.html","service":"chronix-backend"}
{"body":{},"level":"info","message":"GET /css/auth.css","service":"chronix-backend"}
{"body":{},"level":"info","message":"GET /img/img/CTU_new_logo-removebg-preview.png","service":"chronix-backend"}
{"body":{},"level":"info","message":"GET /img/img/CHRONIX_LOGO.png","service":"chronix-backend"}
{"body":{},"level":"info","message":"GET /js/api-config.js","service":"chronix-backend"}
{"body":{},"level":"info","message":"GET /js/error-handler.js","service":"chronix-backend"}
{"body":{},"level":"info","message":"GET /js/auth.js","service":"chronix-backend"}
{"level":"info","message":"🚀 Server running on port 3001","service":"chronix-backend"}
{"level":"info","message":"🔧 Debug endpoints available:","service":"chronix-backend"}
{"level":"info","message":"   - http://localhost:3001/test","service":"chronix-backend"}
{"level":"info","message":"   - http://localhost:3001/test-users","service":"chronix-backend"}
{"level":"info","message":"📧 Default admin credentials:","service":"chronix-backend"}
{"level":"info","message":"   - Email: admin@gmail.com","service":"chronix-backend"}
{"level":"info","message":"   - Password: admin","service":"chronix-backend"}
{"level":"info","message":"📁 File uploads directory: C:\\CHRONIX\\uploads","service":"chronix-backend"}
{"level":"info","message":"🎓 Student endpoints:","service":"chronix-backend"}
{"level":"info","message":"   - http://localhost:3001/users/students","service":"chronix-backend"}
{"level":"info","message":"   - http://localhost:3001/users/students/section/:section","service":"chronix-backend"}
{"level":"info","message":"   - http://localhost:3001/users/students/year-level/:yearLevel","service":"chronix-backend"}
{"level":"info","message":"📊 Dashboard endpoints:","service":"chronix-backend"}
{"level":"info","message":"   - http://localhost:3001/dashboard-counts","service":"chronix-backend"}
{"level":"info","message":"   - http://localhost:3001/room-stats","service":"chronix-backend"}
{"level":"info","message":"   - http://localhost:3001/students-per-section","service":"chronix-backend"}
{"level":"info","message":"   - http://localhost:3001/students-per-room","service":"chronix-backend"}
{"level":"info","message":"✅ Connected to MongoDB!","service":"chronix-backend"}
{"level":"info","message":"✅ Admin user already exists","service":"chronix-backend"}
{"level":"info","message":"✅ Subject indexes synchronized.","service":"chronix-backend"}
{"body":{},"level":"info","message":"GET /index.html","service":"chronix-backend"}
{"body":{},"level":"info","message":"GET /css/style.css","service":"chronix-backend"}
{"body":{},"level":"info","message":"GET /img/img/CTU_new_logo-removebg-preview.png","service":"chronix-backend"}
{"body":{},"level":"info","message":"GET /img/img/CHRONIX_LOGO.png","service":"chronix-backend"}
{"body":{},"level":"info","message":"GET /js/script.js","service":"chronix-backend"}
{"body":{},"level":"info","message":"GET /img/img/educ_animated1.png","service":"chronix-backend"}
{"body":{},"level":"info","message":"GET /auth.html","service":"chronix-backend"}
{"body":{},"level":"info","message":"GET /css/auth.css","service":"chronix-backend"}
{"body":{},"level":"info","message":"GET /img/img/CTU_new_logo-removebg-preview.png","service":"chronix-backend"}
{"body":{},"level":"info","message":"GET /img/img/CHRONIX_LOGO.png","service":"chronix-backend"}
{"body":{},"level":"info","message":"GET /js/api-config.js","service":"chronix-backend"}
{"body":{},"level":"info","message":"GET /js/auth.js","service":"chronix-backend"}
{"body":{},"level":"info","message":"GET /img/img/educ_animated1.png","service":"chronix-backend"}
{"body":{},"level":"info","message":"GET /rooms","service":"chronix-backend"}
{"body":{},"level":"info","message":"GET /sections","service":"chronix-backend"}
{"body":{},"level":"info","message":"GET /rooms","service":"chronix-backend"}
{"body":{},"level":"info","message":"GET /sections","service":"chronix-backend"}
{"body":{"email":"marcomontellano147@gmail.com","password":"123123"},"level":"info","message":"POST /login","service":"chronix-backend"}
{"email":"marcomontellano147@gmail.com","level":"info","message":"🔐 Login attempt received:","password":"***","service":"chronix-backend","timestamp":"2025-11-22T18:07:39.943Z"}
{"level":"info","message":"📧 Searching for user with email:","service":"chronix-backend"}
{"email":"marcomontellano147@gmail.com","id":"68f255c8324a8711cc82f149","inputPassword":"123123","level":"info","message":"✅ User found:","service":"chronix-backend","storedPassword":"123123"}
{"level":"info","message":"✅ Password matches!","service":"chronix-backend"}
{"level":"info","message":"🎉 Login successful for:","service":"chronix-backend"}
{"body":{},"level":"info","message":"GET /student-dashboard.html","service":"chronix-backend"}
{"body":{},"level":"info","message":"GET /css/student-dashboard.css","service":"chronix-backend"}
{"body":{},"level":"info","message":"GET /img/default_student_avatar.png","service":"chronix-backend"}
{"body":{},"level":"info","message":"GET /js/student-dashboard.js","service":"chronix-backend"}
{"body":{},"level":"info","message":"GET /js/api-config.js","service":"chronix-backend"}
{"body":{},"level":"info","message":"GET /js/error-handler.js","service":"chronix-backend"}
{"body":{},"level":"info","message":"GET /js/auth-guard.js","service":"chronix-backend"}
{"body":{},"level":"info","message":"GET /img/CTU_new_logo-removebg-preview.png","service":"chronix-backend"}
{"body":{"email":"admin@gmail.com","password":"admin"},"level":"info","message":"POST /login","service":"chronix-backend"}
{"email":"admin@gmail.com","level":"info","message":"🔐 Login attempt received:","password":"***","service":"chronix-backend","timestamp":"2025-11-22T18:08:09.985Z"}
{"level":"info","message":"📧 Searching for user with email:","service":"chronix-backend"}
{"email":"admin@gmail.com","id":"68f2578b54c010056928c9b2","inputPassword":"admin","level":"info","message":"✅ User found:","service":"chronix-backend","storedPassword":"admin"}
{"level":"info","message":"✅ Password matches!","service":"chronix-backend"}
{"level":"info","message":"🎉 Login successful for:","service":"chronix-backend"}
{"body":{},"level":"info","message":"GET /admin-dashboard.html","service":"chronix-backend"}
{"body":{},"level":"info","message":"GET /css/admin-dashboard.css","service":"chronix-backend"}
{"body":{},"level":"info","message":"GET /img/img/CTU_new_logo-removebg-preview.png","service":"chronix-backend"}
{"body":{},"level":"info","message":"GET /img/img/CHRONIX_LOGO.png","service":"chronix-backend"}
{"body":{},"level":"info","message":"GET /js/api-config.js","service":"chronix-backend"}
{"body":{},"level":"info","message":"GET /js/error-handler.js","service":"chronix-backend"}
{"body":{},"level":"info","message":"GET /js/auth-guard.js","service":"chronix-backend"}
{"body":{},"level":"info","message":"GET /js/admin-dashboard.js","service":"chronix-backend"}
{"body":{},"level":"info","message":"GET /img/default_admin_avatar.png","service":"chronix-backend"}
{"body":{},"level":"info","message":"GET /index.html","service":"chronix-backend"}
{"body":{},"level":"info","message":"GET /css/style.css","service":"chronix-backend"}
{"body":{},"level":"info","message":"GET /img/img/CTU_new_logo-removebg-preview.png","service":"chronix-backend"}
{"body":{},"level":"info","message":"GET /img/img/CHRONIX_LOGO.png","service":"chronix-backend"}
{"body":{},"level":"info","message":"GET /img/img/educ_animated1.png","service":"chronix-backend"}
{"body":{},"level":"info","message":"GET /js/script.js","service":"chronix-backend"}
{"body":{},"level":"info","message":"GET /auth.html","service":"chronix-backend"}
{"body":{},"level":"info","message":"GET /css/auth.css","service":"chronix-backend"}
{"body":{},"level":"info","message":"GET /img/img/CTU_new_logo-removebg-preview.png","service":"chronix-backend"}
{"body":{},"level":"info","message":"GET /img/img/CHRONIX_LOGO.png","service":"chronix-backend"}
{"body":{},"level":"info","message":"GET /js/api-config.js","service":"chronix-backend"}
{"body":{},"level":"info","message":"GET /js/auth.js","service":"chronix-backend"}
{"body":{},"level":"info","message":"GET /img/img/educ_animated1.png","service":"chronix-backend"}
{"body":{},"level":"info","message":"GET /rooms","service":"chronix-backend"}
{"body":{},"level":"info","message":"GET /sections","service":"chronix-backend"}
{"body":{},"level":"info","message":"GET /rooms","service":"chronix-backend"}
{"body":{},"level":"info","message":"GET /sections","service":"chronix-backend"}
{"body":{"email":"marcomontellano147@gmail.com","password":"123123"},"level":"info","message":"POST /login","service":"chronix-backend"}
{"email":"marcomontellano147@gmail.com","level":"info","message":"🔐 Login attempt received:","password":"***","service":"chronix-backend","timestamp":"2025-11-22T18:10:16.358Z"}
{"level":"info","message":"📧 Searching for user with email:","service":"chronix-backend"}
{"email":"marcomontellano147@gmail.com","id":"68f255c8324a8711cc82f149","inputPassword":"123123","level":"info","message":"✅ User found:","service":"chronix-backend","storedPassword":"123123"}
{"level":"info","message":"✅ Password matches!","service":"chronix-backend"}
{"level":"info","message":"🎉 Login successful for:","service":"chronix-backend"}
{"body":{},"level":"info","message":"GET /student-dashboard.html","service":"chronix-backend"}
{"body":{},"level":"info","message":"GET /css/student-dashboard.css","service":"chronix-backend"}
{"body":{},"level":"info","message":"GET /img/CTU_new_logo-removebg-preview.png","service":"chronix-backend"}
{"body":{},"level":"info","message":"GET /js/api-config.js","service":"chronix-backend"}
{"body":{},"level":"info","message":"GET /js/error-handler.js","service":"chronix-backend"}
{"body":{},"level":"info","message":"GET /js/auth-guard.js","service":"chronix-backend"}
{"body":{},"level":"info","message":"GET /img/default_student_avatar.png","service":"chronix-backend"}
{"body":{},"level":"info","message":"GET /js/student-dashboard.js","service":"chronix-backend"}
{"body":{},"level":"info","message":"GET /index.html","service":"chronix-backend"}
{"body":{},"level":"info","message":"GET /css/style.css","service":"chronix-backend"}
{"body":{},"level":"info","message":"GET /img/img/CTU_new_logo-removebg-preview.png","service":"chronix-backend"}
{"body":{},"level":"info","message":"GET /img/img/CHRONIX_LOGO.png","service":"chronix-backend"}
{"body":{},"level":"info","message":"GET /js/script.js","service":"chronix-backend"}
{"body":{},"level":"info","message":"GET /img/img/educ_animated1.png","service":"chronix-backend"}
{"body":{},"level":"info","message":"GET /auth.html","service":"chronix-backend"}
{"body":{},"level":"info","message":"GET /css/auth.css","service":"chronix-backend"}
{"body":{},"level":"info","message":"GET /img/img/CTU_new_logo-removebg-preview.png","service":"chronix-backend"}
{"body":{},"level":"info","message":"GET /img/img/CHRONIX_LOGO.png","service":"chronix-backend"}
{"body":{},"level":"info","message":"GET /js/api-config.js","service":"chronix-backend"}
{"body":{},"level":"info","message":"GET /js/auth.js","service":"chronix-backend"}
{"body":{},"level":"info","message":"GET /img/img/educ_animated1.png","service":"chronix-backend"}
{"body":{},"level":"info","message":"GET /rooms","service":"chronix-backend"}
{"body":{},"level":"info","message":"GET /sections","service":"chronix-backend"}
{"body":{},"level":"info","message":"GET /rooms","service":"chronix-backend"}
{"body":{},"level":"info","message":"GET /sections","service":"chronix-backend"}
{"body":{"email":"marcomontellano147@gmail.com","password":"123123"},"level":"info","message":"POST /login","service":"chronix-backend"}
{"email":"marcomontellano147@gmail.com","level":"info","message":"🔐 Login attempt received:","password":"***","service":"chronix-backend","timestamp":"2025-11-22T18:16:32.307Z"}
{"level":"info","message":"📧 Searching for user with email:","service":"chronix-backend"}
{"email":"marcomontellano147@gmail.com","id":"68f255c8324a8711cc82f149","inputPassword":"123123","level":"info","message":"✅ User found:","service":"chronix-backend","storedPassword":"123123"}
{"level":"info","message":"✅ Password matches!","service":"chronix-backend"}
{"level":"info","message":"🎉 Login successful for:","service":"chronix-backend"}
{"body":{},"level":"info","message":"GET /student-dashboard.html","service":"chronix-backend"}
{"body":{},"level":"info","message":"GET /css/student-dashboard.css","service":"chronix-backend"}
{"body":{},"level":"info","message":"GET /img/CTU_new_logo-removebg-preview.png","service":"chronix-backend"}
{"body":{},"level":"info","message":"GET /img/default_student_avatar.png","service":"chronix-backend"}
{"body":{},"level":"info","message":"GET /js/api-config.js","service":"chronix-backend"}
{"body":{},"level":"info","message":"GET /js/error-handler.js","service":"chronix-backend"}
{"body":{},"level":"info","message":"GET /js/auth-guard.js","service":"chronix-backend"}
{"body":{},"level":"info","message":"GET /js/student-dashboard.js","service":"chronix-backend"}
{"body":{"email":"admin@gmail.com","password":"admin"},"level":"info","message":"POST /login","service":"chronix-backend"}
{"email":"admin@gmail.com","level":"info","message":"🔐 Login attempt received:","password":"***","service":"chronix-backend","timestamp":"2025-11-22T18:16:41.531Z"}
{"level":"info","message":"📧 Searching for user with email:","service":"chronix-backend"}
{"email":"admin@gmail.com","id":"68f2578b54c010056928c9b2","inputPassword":"admin","level":"info","message":"✅ User found:","service":"chronix-backend","storedPassword":"admin"}
{"level":"info","message":"✅ Password matches!","service":"chronix-backend"}
{"level":"info","message":"🎉 Login successful for:","service":"chronix-backend"}
{"body":{},"level":"info","message":"GET /admin-dashboard.html","service":"chronix-backend"}
{"body":{},"level":"info","message":"GET /css/admin-dashboard.css","service":"chronix-backend"}
{"body":{},"level":"info","message":"GET /img/img/CTU_new_logo-removebg-preview.png","service":"chronix-backend"}
{"body":{},"level":"info","message":"GET /js/error-handler.js","service":"chronix-backend"}
{"body":{},"level":"info","message":"GET /img/img/CHRONIX_LOGO.png","service":"chronix-backend"}
{"body":{},"level":"info","message":"GET /js/api-config.js","service":"chronix-backend"}
{"body":{},"level":"info","message":"GET /js/auth-guard.js","service":"chronix-backend"}
{"body":{},"level":"info","message":"GET /js/admin-dashboard.js","service":"chronix-backend"}
{"body":{},"level":"info","message":"GET /img/default_admin_avatar.png","service":"chronix-backend"}
{"body":{},"level":"info","message":"GET /users/students","service":"chronix-backend"}
{"body":{},"level":"info","message":"GET /uploads/profile-68f2578b54c010056928c9b2-1763561540663-61886535.jfif","service":"chronix-backend"}
{"level":"info","message":"✅ Fetched 3 students","service":"chronix-backend"}
{"body":{},"level":"info","message":"GET /teachers","service":"chronix-backend"}
{"body":{},"level":"info","message":"GET /rooms","service":"chronix-backend"}
{"body":{},"level":"info","message":"GET /schedules","service":"chronix-backend"}
{"body":{},"level":"info","message":"GET /subjects","service":"chronix-backend"}
{"body":{},"level":"info","message":"GET /sections","service":"chronix-backend"}
{"body":{},"level":"info","message":"GET /admin-subjects.html","service":"chronix-backend"}
{"body":{},"level":"info","message":"GET /css/admin-subjects.css","service":"chronix-backend"}
{"body":{},"level":"info","message":"GET /js/admin-subjects.js","service":"chronix-backend"}
{"body":{},"level":"info","message":"GET /img/img/CTU_new_logo-removebg-preview.png","service":"chronix-backend"}
{"body":{},"level":"info","message":"GET /img/img/CHRONIX_LOGO.png","service":"chronix-backend"}
{"body":{},"level":"info","message":"GET /js/api-config.js","service":"chronix-backend"}
{"body":{},"level":"info","message":"GET /js/error-handler.js","service":"chronix-backend"}
{"body":{},"level":"info","message":"GET /js/auth-guard.js","service":"chronix-backend"}
{"body":{},"level":"info","message":"GET /img/default_admin_avatar.png","service":"chronix-backend"}
{"body":{},"level":"info","message":"GET /admin-sections.html","service":"chronix-backend"}
{"body":{},"level":"info","message":"GET /css/admin-sections.css","service":"chronix-backend"}
{"body":{},"level":"info","message":"GET /js/admin-sections.js","service":"chronix-backend"}
{"body":{},"level":"info","message":"GET /img/img/CTU_new_logo-removebg-preview.png","service":"chronix-backend"}
{"body":{},"level":"info","message":"GET /img/img/CHRONIX_LOGO.png","service":"chronix-backend"}
{"body":{},"level":"info","message":"GET /js/api-config.js","service":"chronix-backend"}
{"body":{},"level":"info","message":"GET /js/error-handler.js","service":"chronix-backend"}
{"body":{},"level":"info","message":"GET /js/auth-guard.js","service":"chronix-backend"}
{"body":{},"level":"info","message":"GET /img/default_admin_avatar.png","service":"chronix-backend"}
{"body":{},"level":"info","message":"GET /admin-rooms.html","service":"chronix-backend"}
{"body":{},"level":"info","message":"GET /css/admin-rooms.css","service":"chronix-backend"}
{"body":{},"level":"info","message":"GET /js/admin-rooms.js","service":"chronix-backend"}
{"body":{},"level":"info","message":"GET /img/img/CTU_new_logo-removebg-preview.png","service":"chronix-backend"}
{"body":{},"level":"info","message":"GET /img/img/CHRONIX_LOGO.png","service":"chronix-backend"}
{"body":{},"level":"info","message":"GET /js/api-config.js","service":"chronix-backend"}
{"body":{},"level":"info","message":"GET /js/error-handler.js","service":"chronix-backend"}
{"body":{},"level":"info","message":"GET /js/auth-guard.js","service":"chronix-backend"}
{"body":{},"level":"info","message":"GET /img/default_admin_avatar.png","service":"chronix-backend"}
{"body":{},"level":"info","message":"GET /admin-schedules.html","service":"chronix-backend"}
{"body":{},"level":"info","message":"GET /css/admin-schedules.css","service":"chronix-backend"}
{"body":{},"level":"info","message":"GET /img/img/CTU_new_logo-removebg-preview.png","service":"chronix-backend"}
{"body":{},"level":"info","message":"GET /img/img/CHRONIX_LOGO.png","service":"chronix-backend"}
{"body":{},"level":"info","message":"GET /js/admin-schedules.js","service":"chronix-backend"}
{"body":{},"level":"info","message":"GET /js/api-config.js","service":"chronix-backend"}
{"body":{},"level":"info","message":"GET /js/error-handler.js","service":"chronix-backend"}
{"body":{},"level":"info","message":"GET /js/auth-guard.js","service":"chronix-backend"}
{"body":{},"level":"info","message":"GET /img/default_admin_avatar.png","service":"chronix-backend"}
{"body":{},"level":"info","message":"GET /admin-students.html","service":"chronix-backend"}
{"body":{},"level":"info","message":"GET /css/admin-students.css","service":"chronix-backend"}
{"body":{},"level":"info","message":"GET /img/img/CTU_new_logo-removebg-preview.png","service":"chronix-backend"}
{"body":{},"level":"info","message":"GET /img/img/CHRONIX_LOGO.png","service":"chronix-backend"}
{"body":{},"level":"info","message":"GET /js/api-config.js","service":"chronix-backend"}
{"body":{},"level":"info","message":"GET /js/admin-students.js","service":"chronix-backend"}
{"body":{},"level":"info","message":"GET /js/error-handler.js","service":"chronix-backend"}
{"body":{},"level":"info","message":"GET /js/auth-guard.js","service":"chronix-backend"}
{"body":{},"level":"info","message":"GET /img/default_admin_avatar.png","service":"chronix-backend"}
{"body":{},"level":"info","message":"GET /img/default_student_avatar.png","service":"chronix-backend"}
{"body":{},"level":"info","message":"GET /admin-schedules.html","service":"chronix-backend"}
{"body":{},"level":"info","message":"GET /css/admin-schedules.css","service":"chronix-backend"}
{"body":{},"level":"info","message":"GET /img/img/CTU_new_logo-removebg-preview.png","service":"chronix-backend"}
{"body":{},"level":"info","message":"GET /img/img/CHRONIX_LOGO.png","service":"chronix-backend"}
{"body":{},"level":"info","message":"GET /js/api-config.js","service":"chronix-backend"}
{"body":{},"level":"info","message":"GET /js/error-handler.js","service":"chronix-backend"}
{"body":{},"level":"info","message":"GET /js/auth-guard.js","service":"chronix-backend"}
{"body":{},"level":"info","message":"GET /js/admin-schedules.js","service":"chronix-backend"}
{"body":{},"level":"info","message":"GET /img/default_admin_avatar.png","service":"chronix-backend"}
{"body":{},"level":"info","message":"GET /admin-teachers.html","service":"chronix-backend"}
{"body":{},"level":"info","message":"GET /css/admin-teachers.css","service":"chronix-backend"}
{"body":{},"level":"info","message":"GET /img/img/CTU_new_logo-removebg-preview.png","service":"chronix-backend"}
{"body":{},"level":"info","message":"GET /img/img/CHRONIX_LOGO.png","service":"chronix-backend"}
{"body":{},"level":"info","message":"GET /js/api-config.js","service":"chronix-backend"}
{"body":{},"level":"info","message":"GET /js/admin-teachers.js","service":"chronix-backend"}
{"body":{},"level":"info","message":"GET /js/error-handler.js","service":"chronix-backend"}
{"body":{},"level":"info","message":"GET /js/auth-guard.js","service":"chronix-backend"}
{"body":{},"level":"info","message":"GET /img/default_teacher_avatar.png","service":"chronix-backend"}
{"body":{},"level":"info","message":"GET /img/default_admin_avatar.png","service":"chronix-backend"}
{"body":{},"level":"info","message":"GET /admin-students.html","service":"chronix-backend"}
{"body":{},"level":"info","message":"GET /css/admin-students.css","service":"chronix-backend"}
{"body":{},"level":"info","message":"GET /img/img/CTU_new_logo-removebg-preview.png","service":"chronix-backend"}
{"body":{},"level":"info","message":"GET /img/img/CHRONIX_LOGO.png","service":"chronix-backend"}
{"body":{},"level":"info","message":"GET /js/api-config.js","service":"chronix-backend"}
{"body":{},"level":"info","message":"GET /js/error-handler.js","service":"chronix-backend"}
{"body":{},"level":"info","message":"GET /js/auth-guard.js","service":"chronix-backend"}
{"body":{},"level":"info","message":"GET /js/admin-students.js","service":"chronix-backend"}
{"body":{},"level":"info","message":"GET /img/default_admin_avatar.png","service":"chronix-backend"}
{"body":{},"level":"info","message":"GET /img/default_student_avatar.png","service":"chronix-backend"}
{"body":{},"level":"info","message":"GET /admin-dashboard.html","service":"chronix-backend"}
{"body":{},"level":"info","message":"GET /css/admin-dashboard.css","service":"chronix-backend"}
{"body":{},"level":"info","message":"GET /img/img/CTU_new_logo-removebg-preview.png","service":"chronix-backend"}
{"body":{},"level":"info","message":"GET /img/img/CHRONIX_LOGO.png","service":"chronix-backend"}
{"body":{},"level":"info","message":"GET /js/api-config.js","service":"chronix-backend"}
{"body":{},"level":"info","message":"GET /js/error-handler.js","service":"chronix-backend"}
{"body":{},"level":"info","message":"GET /js/auth-guard.js","service":"chronix-backend"}
{"body":{},"level":"info","message":"GET /js/admin-dashboard.js","service":"chronix-backend"}
{"body":{},"level":"info","message":"GET /img/default_admin_avatar.png","service":"chronix-backend"}
{"body":{},"level":"info","message":"GET /uploads/profile-68f2578b54c010056928c9b2-1763561540663-61886535.jfif","service":"chronix-backend"}
{"body":{},"level":"info","message":"GET /users/students","service":"chronix-backend"}
{"level":"info","message":"✅ Fetched 3 students","service":"chronix-backend"}
{"body":{},"level":"info","message":"GET /teachers","service":"chronix-backend"}
{"body":{},"level":"info","message":"GET /rooms","service":"chronix-backend"}
{"body":{},"level":"info","message":"GET /schedules","service":"chronix-backend"}
{"body":{},"level":"info","message":"GET /subjects","service":"chronix-backend"}
{"body":{},"level":"info","message":"GET /sections","service":"chronix-backend"}
{"body":{},"level":"info","message":"GET /admin-subjects.html","service":"chronix-backend"}
{"body":{},"level":"info","message":"GET /css/admin-subjects.css","service":"chronix-backend"}
{"body":{},"level":"info","message":"GET /img/img/CTU_new_logo-removebg-preview.png","service":"chronix-backend"}
{"body":{},"level":"info","message":"GET /img/img/CHRONIX_LOGO.png","service":"chronix-backend"}
{"body":{},"level":"info","message":"GET /js/api-config.js","service":"chronix-backend"}
{"body":{},"level":"info","message":"GET /js/error-handler.js","service":"chronix-backend"}
{"body":{},"level":"info","message":"GET /js/auth-guard.js","service":"chronix-backend"}
{"body":{},"level":"info","message":"GET /js/admin-subjects.js","service":"chronix-backend"}
{"body":{},"level":"info","message":"GET /img/default_admin_avatar.png","service":"chronix-backend"}
{"body":{},"level":"info","message":"GET /admin-dashboard.html","service":"chronix-backend"}
{"body":{},"level":"info","message":"GET /css/admin-dashboard.css","service":"chronix-backend"}
{"body":{},"level":"info","message":"GET /img/img/CTU_new_logo-removebg-preview.png","service":"chronix-backend"}
{"body":{},"level":"info","message":"GET /img/img/CHRONIX_LOGO.png","service":"chronix-backend"}
{"body":{},"level":"info","message":"GET /js/api-config.js","service":"chronix-backend"}
{"body":{},"level":"info","message":"GET /js/error-handler.js","service":"chronix-backend"}
{"body":{},"level":"info","message":"GET /js/auth-guard.js","service":"chronix-backend"}
{"body":{},"level":"info","message":"GET /js/admin-dashboard.js","service":"chronix-backend"}
{"body":{},"level":"info","message":"GET /img/default_admin_avatar.png","service":"chronix-backend"}
{"body":{},"level":"info","message":"GET /uploads/profile-68f2578b54c010056928c9b2-1763561540663-61886535.jfif","service":"chronix-backend"}
{"body":{},"level":"info","message":"GET /users/students","service":"chronix-backend"}
{"level":"info","message":"✅ Fetched 3 students","service":"chronix-backend"}
{"body":{},"level":"info","message":"GET /teachers","service":"chronix-backend"}
{"body":{},"level":"info","message":"GET /rooms","service":"chronix-backend"}
{"body":{},"level":"info","message":"GET /schedules","service":"chronix-backend"}
{"body":{},"level":"info","message":"GET /subjects","service":"chronix-backend"}
{"body":{},"level":"info","message":"GET /sections","service":"chronix-backend"}
{"body":{},"level":"info","message":"GET /admin-subjects.html","service":"chronix-backend"}
{"body":{},"level":"info","message":"GET /css/admin-subjects.css","service":"chronix-backend"}
{"body":{},"level":"info","message":"GET /img/img/CTU_new_logo-removebg-preview.png","service":"chronix-backend"}
{"body":{},"level":"info","message":"GET /js/api-config.js","service":"chronix-backend"}
{"body":{},"level":"info","message":"GET /js/error-handler.js","service":"chronix-backend"}
{"body":{},"level":"info","message":"GET /js/auth-guard.js","service":"chronix-backend"}
{"body":{},"level":"info","message":"GET /js/admin-subjects.js","service":"chronix-backend"}
{"body":{},"level":"info","message":"GET /img/img/CHRONIX_LOGO.png","service":"chronix-backend"}
{"body":{},"level":"info","message":"GET /img/default_admin_avatar.png","service":"chronix-backend"}
{"body":{},"level":"info","message":"GET /admin-dashboard.html","service":"chronix-backend"}
{"body":{},"level":"info","message":"GET /css/admin-dashboard.css","service":"chronix-backend"}
{"body":{},"level":"info","message":"GET /img/img/CTU_new_logo-removebg-preview.png","service":"chronix-backend"}
{"body":{},"level":"info","message":"GET /img/img/CHRONIX_LOGO.png","service":"chronix-backend"}
{"body":{},"level":"info","message":"GET /js/api-config.js","service":"chronix-backend"}
{"body":{},"level":"info","message":"GET /js/error-handler.js","service":"chronix-backend"}
{"body":{},"level":"info","message":"GET /js/auth-guard.js","service":"chronix-backend"}
{"body":{},"level":"info","message":"GET /js/admin-dashboard.js","service":"chronix-backend"}
{"body":{},"level":"info","message":"GET /img/default_admin_avatar.png","service":"chronix-backend"}
{"body":{},"level":"info","message":"GET /uploads/profile-68f2578b54c010056928c9b2-1763561540663-61886535.jfif","service":"chronix-backend"}
{"body":{},"level":"info","message":"GET /users/students","service":"chronix-backend"}
{"level":"info","message":"✅ Fetched 3 students","service":"chronix-backend"}
{"body":{},"level":"info","message":"GET /teachers","service":"chronix-backend"}
{"body":{},"level":"info","message":"GET /rooms","service":"chronix-backend"}
{"body":{},"level":"info","message":"GET /schedules","service":"chronix-backend"}
{"body":{},"level":"info","message":"GET /subjects","service":"chronix-backend"}
{"body":{},"level":"info","message":"GET /sections","service":"chronix-backend"}
{"body":{},"level":"info","message":"GET /admin-subjects.html","service":"chronix-backend"}
{"body":{},"level":"info","message":"GET /css/admin-subjects.css","service":"chronix-backend"}
{"body":{},"level":"info","message":"GET /img/img/CTU_new_logo-removebg-preview.png","service":"chronix-backend"}
{"body":{},"level":"info","message":"GET /img/img/CHRONIX_LOGO.png","service":"chronix-backend"}
{"body":{},"level":"info","message":"GET /js/api-config.js","service":"chronix-backend"}
{"body":{},"level":"info","message":"GET /js/error-handler.js","service":"chronix-backend"}
{"body":{},"level":"info","message":"GET /js/auth-guard.js","service":"chronix-backend"}
{"body":{},"level":"info","message":"GET /js/admin-subjects.js","service":"chronix-backend"}
{"body":{},"level":"info","message":"GET /img/default_admin_avatar.png","service":"chronix-backend"}
{"body":{},"level":"info","message":"GET /admin-subjects.html","service":"chronix-backend"}
{"body":{},"level":"info","message":"GET /css/admin-subjects.css","service":"chronix-backend"}
{"body":{},"level":"info","message":"GET /img/img/CTU_new_logo-removebg-preview.png","service":"chronix-backend"}
{"body":{},"level":"info","message":"GET /img/img/CHRONIX_LOGO.png","service":"chronix-backend"}
{"body":{},"level":"info","message":"GET /js/api-config.js","service":"chronix-backend"}
{"body":{},"level":"info","message":"GET /js/error-handler.js","service":"chronix-backend"}
{"body":{},"level":"info","message":"GET /js/auth-guard.js","service":"chronix-backend"}
{"body":{},"level":"info","message":"GET /js/admin-subjects.js","service":"chronix-backend"}
{"body":{},"level":"info","message":"GET /img/default_admin_avatar.png","service":"chronix-backend"}
{"body":{},"level":"info","message":"GET /admin-subjects.html","service":"chronix-backend"}
{"body":{},"level":"info","message":"GET /css/admin-subjects.css","service":"chronix-backend"}
{"body":{},"level":"info","message":"GET /img/img/CTU_new_logo-removebg-preview.png","service":"chronix-backend"}
{"body":{},"level":"info","message":"GET /img/img/CHRONIX_LOGO.png","service":"chronix-backend"}
{"body":{},"level":"info","message":"GET /js/api-config.js","service":"chronix-backend"}
{"body":{},"level":"info","message":"GET /js/error-handler.js","service":"chronix-backend"}
{"body":{},"level":"info","message":"GET /js/auth-guard.js","service":"chronix-backend"}
{"body":{},"level":"info","message":"GET /js/admin-subjects.js","service":"chronix-backend"}
{"body":{},"level":"info","message":"GET /img/default_admin_avatar.png","service":"chronix-backend"}
{"body":{},"level":"info","message":"GET /admin-subjects.html","service":"chronix-backend"}
{"body":{},"level":"info","message":"GET /css/admin-subjects.css","service":"chronix-backend"}
{"body":{},"level":"info","message":"GET /img/img/CTU_new_logo-removebg-preview.png","service":"chronix-backend"}
{"body":{},"level":"info","message":"GET /img/img/CHRONIX_LOGO.png","service":"chronix-backend"}
{"body":{},"level":"info","message":"GET /js/api-config.js","service":"chronix-backend"}
{"body":{},"level":"info","message":"GET /js/error-handler.js","service":"chronix-backend"}
{"body":{},"level":"info","message":"GET /js/auth-guard.js","service":"chronix-backend"}
{"body":{},"level":"info","message":"GET /js/admin-dashboard.js","service":"chronix-backend"}
{"body":{},"level":"info","message":"GET /img/default_admin_avatar.png","service":"chronix-backend"}
{"body":{},"level":"info","message":"GET /users/students","service":"chronix-backend"}
{"body":{},"level":"info","message":"GET /uploads/profile-68f2578b54c010056928c9b2-1763561540663-61886535.jfif","service":"chronix-backend"}
{"level":"info","message":"✅ Fetched 3 students","service":"chronix-backend"}
{"body":{},"level":"info","message":"GET /teachers","service":"chronix-backend"}
{"body":{},"level":"info","message":"GET /rooms","service":"chronix-backend"}
{"body":{},"level":"info","message":"GET /schedules","service":"chronix-backend"}
{"body":{},"level":"info","message":"GET /subjects","service":"chronix-backend"}
{"body":{},"level":"info","message":"GET /sections","service":"chronix-backend"}
{"body":{},"level":"info","message":"GET /admin-subjects.html","service":"chronix-backend"}
{"body":{},"level":"info","message":"GET /css/admin-subjects.css","service":"chronix-backend"}
{"body":{},"level":"info","message":"GET /img/img/CTU_new_logo-removebg-preview.png","service":"chronix-backend"}
{"body":{},"level":"info","message":"GET /img/img/CHRONIX_LOGO.png","service":"chronix-backend"}
{"body":{},"level":"info","message":"GET /js/api-config.js","service":"chronix-backend"}
{"body":{},"level":"info","message":"GET /js/error-handler.js","service":"chronix-backend"}
{"body":{},"level":"info","message":"GET /js/auth-guard.js","service":"chronix-backend"}
{"body":{},"level":"info","message":"GET /js/admin-dashboard.js","service":"chronix-backend"}
{"body":{},"level":"info","message":"GET /img/default_admin_avatar.png","service":"chronix-backend"}
{"body":{},"level":"info","message":"GET /uploads/profile-68f2578b54c010056928c9b2-1763561540663-61886535.jfif","service":"chronix-backend"}
{"body":{},"level":"info","message":"GET /users/students","service":"chronix-backend"}
{"level":"info","message":"✅ Fetched 3 students","service":"chronix-backend"}
{"body":{},"level":"info","message":"GET /teachers","service":"chronix-backend"}
{"body":{},"level":"info","message":"GET /admin-subjects.html","service":"chronix-backend"}
{"body":{},"level":"info","message":"GET /css/admin-subjects.css","service":"chronix-backend"}
{"body":{},"level":"info","message":"GET /img/img/CTU_new_logo-removebg-preview.png","service":"chronix-backend"}
{"body":{},"level":"info","message":"GET /img/img/CHRONIX_LOGO.png","service":"chronix-backend"}
{"body":{},"level":"info","message":"GET /js/api-config.js","service":"chronix-backend"}
{"body":{},"level":"info","message":"GET /js/error-handler.js","service":"chronix-backend"}
{"body":{},"level":"info","message":"GET /js/admin-dashboard.js","service":"chronix-backend"}
{"body":{},"level":"info","message":"GET /js/auth-guard.js","service":"chronix-backend"}
{"body":{},"level":"info","message":"GET /img/default_admin_avatar.png","service":"chronix-backend"}
{"body":{},"level":"info","message":"GET /uploads/profile-68f2578b54c010056928c9b2-1763561540663-61886535.jfif","service":"chronix-backend"}
{"body":{},"level":"info","message":"GET /users/students","service":"chronix-backend"}
{"level":"info","message":"✅ Fetched 3 students","service":"chronix-backend"}
{"body":{},"level":"info","message":"GET /admin-subjects.html","service":"chronix-backend"}
{"body":{},"level":"info","message":"GET /css/admin-subjects.css","service":"chronix-backend"}
{"body":{},"level":"info","message":"GET /img/img/CTU_new_logo-removebg-preview.png","service":"chronix-backend"}
{"body":{},"level":"info","message":"GET /img/img/CHRONIX_LOGO.png","service":"chronix-backend"}
{"body":{},"level":"info","message":"GET /js/api-config.js","service":"chronix-backend"}
{"body":{},"level":"info","message":"GET /js/error-handler.js","service":"chronix-backend"}
{"body":{},"level":"info","message":"GET /js/auth-guard.js","service":"chronix-backend"}
{"body":{},"level":"info","message":"GET /js/admin-dashboard.js","service":"chronix-backend"}
{"body":{},"level":"info","message":"GET /img/default_admin_avatar.png","service":"chronix-backend"}
{"body":{},"level":"info","message":"GET /uploads/profile-68f2578b54c010056928c9b2-1763561540663-61886535.jfif","service":"chronix-backend"}
{"body":{},"level":"info","message":"GET /users/students","service":"chronix-backend"}
{"level":"info","message":"✅ Fetched 3 students","service":"chronix-backend"}
{"body":{},"level":"info","message":"GET /admin-subjects.html","service":"chronix-backend"}
{"body":{},"level":"info","message":"GET /css/admin-subjects.css","service":"chronix-backend"}
{"body":{},"level":"info","message":"GET /img/img/CTU_new_logo-removebg-preview.png","service":"chronix-backend"}
{"body":{},"level":"info","message":"GET /img/img/CHRONIX_LOGO.png","service":"chronix-backend"}
{"body":{},"level":"info","message":"GET /js/api-config.js","service":"chronix-backend"}
{"body":{},"level":"info","message":"GET /js/error-handler.js","service":"chronix-backend"}
{"body":{},"level":"info","message":"GET /js/auth-guard.js","service":"chronix-backend"}
{"body":{},"level":"info","message":"GET /js/admin-dashboard.js","service":"chronix-backend"}
{"body":{},"level":"info","message":"GET /img/default_admin_avatar.png","service":"chronix-backend"}
{"body":{},"level":"info","message":"GET /uploads/profile-68f2578b54c010056928c9b2-1763561540663-61886535.jfif","service":"chronix-backend"}
{"body":{},"level":"info","message":"GET /users/students","service":"chronix-backend"}
{"level":"info","message":"✅ Fetched 3 students","service":"chronix-backend"}
{"body":{},"level":"info","message":"GET /admin-subjects.html","service":"chronix-backend"}
{"body":{},"level":"info","message":"GET /css/admin-subjects.css","service":"chronix-backend"}
{"body":{},"level":"info","message":"GET /img/img/CTU_new_logo-removebg-preview.png","service":"chronix-backend"}
{"body":{},"level":"info","message":"GET /img/img/CHRONIX_LOGO.png","service":"chronix-backend"}
{"body":{},"level":"info","message":"GET /js/api-config.js","service":"chronix-backend"}
{"body":{},"level":"info","message":"GET /js/error-handler.js","service":"chronix-backend"}
{"body":{},"level":"info","message":"GET /js/auth-guard.js","service":"chronix-backend"}
{"body":{},"level":"info","message":"GET /js/admin-dashboard.js","service":"chronix-backend"}
{"body":{},"level":"info","message":"GET /img/default_admin_avatar.png","service":"chronix-backend"}
{"body":{},"level":"info","message":"GET /uploads/profile-68f2578b54c010056928c9b2-1763561540663-61886535.jfif","service":"chronix-backend"}
{"body":{},"level":"info","message":"GET /users/students","service":"chronix-backend"}
{"level":"info","message":"✅ Fetched 3 students","service":"chronix-backend"}
{"body":{},"level":"info","message":"GET /teachers","service":"chronix-backend"}
{"body":{},"level":"info","message":"GET /rooms","service":"chronix-backend"}
{"body":{},"level":"info","message":"GET /schedules","service":"chronix-backend"}
{"body":{},"level":"info","message":"GET /subjects","service":"chronix-backend"}
{"body":{},"level":"info","message":"GET /sections","service":"chronix-backend"}
{"body":{},"level":"info","message":"GET /admin-dashboard.html","service":"chronix-backend"}
{"body":{},"level":"info","message":"GET /css/admin-dashboard.css","service":"chronix-backend"}
{"body":{},"level":"info","message":"GET /img/img/CTU_new_logo-removebg-preview.png","service":"chronix-backend"}
{"body":{},"level":"info","message":"GET /img/img/CHRONIX_LOGO.png","service":"chronix-backend"}
{"body":{},"level":"info","message":"GET /js/api-config.js","service":"chronix-backend"}
{"body":{},"level":"info","message":"GET /js/error-handler.js","service":"chronix-backend"}
{"body":{},"level":"info","message":"GET /js/auth-guard.js","service":"chronix-backend"}
{"body":{},"level":"info","message":"GET /js/admin-dashboard.js","service":"chronix-backend"}
{"body":{},"level":"info","message":"GET /img/default_admin_avatar.png","service":"chronix-backend"}
{"body":{},"level":"info","message":"GET /uploads/profile-68f2578b54c010056928c9b2-1763561540663-61886535.jfif","service":"chronix-backend"}
{"body":{},"level":"info","message":"GET /users/students","service":"chronix-backend"}
{"level":"info","message":"✅ Fetched 3 students","service":"chronix-backend"}
{"body":{},"level":"info","message":"GET /teachers","service":"chronix-backend"}
{"body":{},"level":"info","message":"GET /rooms","service":"chronix-backend"}
{"body":{},"level":"info","message":"GET /schedules","service":"chronix-backend"}
{"body":{},"level":"info","message":"GET /subjects","service":"chronix-backend"}
{"body":{},"level":"info","message":"GET /sections","service":"chronix-backend"}
{"body":{},"level":"info","message":"GET /admin-sections.html","service":"chronix-backend"}
{"body":{},"level":"info","message":"GET /css/admin-sections.css","service":"chronix-backend"}
{"body":{},"level":"info","message":"GET /img/img/CTU_new_logo-removebg-preview.png","service":"chronix-backend"}
{"body":{},"level":"info","message":"GET /img/img/CHRONIX_LOGO.png","service":"chronix-backend"}
{"body":{},"level":"info","message":"GET /js/api-config.js","service":"chronix-backend"}
{"body":{},"level":"info","message":"GET /js/error-handler.js","service":"chronix-backend"}
{"body":{},"level":"info","message":"GET /js/auth-guard.js","service":"chronix-backend"}
{"body":{},"level":"info","message":"GET /js/admin-sections.js","service":"chronix-backend"}
{"body":{},"level":"info","message":"GET /img/default_admin_avatar.png","service":"chronix-backend"}
{"body":{},"level":"info","message":"GET /admin-subjects.html","service":"chronix-backend"}
{"body":{},"level":"info","message":"GET /css/admin-subjects.css","service":"chronix-backend"}
{"body":{},"level":"info","message":"GET /img/img/CTU_new_logo-removebg-preview.png","service":"chronix-backend"}
{"body":{},"level":"info","message":"GET /img/img/CHRONIX_LOGO.png","service":"chronix-backend"}
{"body":{},"level":"info","message":"GET /js/api-config.js","service":"chronix-backend"}
{"body":{},"level":"info","message":"GET /js/error-handler.js","service":"chronix-backend"}
{"body":{},"level":"info","message":"GET /js/auth-guard.js","service":"chronix-backend"}
{"body":{},"level":"info","message":"GET /js/admin-dashboard.js","service":"chronix-backend"}
{"body":{},"level":"info","message":"GET /img/default_admin_avatar.png","service":"chronix-backend"}
{"body":{},"level":"info","message":"GET /uploads/profile-68f2578b54c010056928c9b2-1763561540663-61886535.jfif","service":"chronix-backend"}
{"body":{},"level":"info","message":"GET /users/students","service":"chronix-backend"}
{"level":"info","message":"✅ Fetched 3 students","service":"chronix-backend"}
{"body":{},"level":"info","message":"GET /teachers","service":"chronix-backend"}
{"body":{},"level":"info","message":"GET /rooms","service":"chronix-backend"}
{"body":{},"level":"info","message":"GET /schedules","service":"chronix-backend"}
{"body":{},"level":"info","message":"GET /subjects","service":"chronix-backend"}
{"body":{},"level":"info","message":"GET /sections","service":"chronix-backend"}
{"body":{},"level":"info","message":"GET /admin-dashboard.html","service":"chronix-backend"}
{"body":{},"level":"info","message":"GET /css/admin-dashboard.css","service":"chronix-backend"}
{"body":{},"level":"info","message":"GET /img/img/CTU_new_logo-removebg-preview.png","service":"chronix-backend"}
{"body":{},"level":"info","message":"GET /img/img/CHRONIX_LOGO.png","service":"chronix-backend"}
{"body":{},"level":"info","message":"GET /js/api-config.js","service":"chronix-backend"}
{"body":{},"level":"info","message":"GET /js/error-handler.js","service":"chronix-backend"}
{"body":{},"level":"info","message":"GET /js/auth-guard.js","service":"chronix-backend"}
{"body":{},"level":"info","message":"GET /js/admin-dashboard.js","service":"chronix-backend"}
{"body":{},"level":"info","message":"GET /img/default_admin_avatar.png","service":"chronix-backend"}
{"body":{},"level":"info","message":"GET /uploads/profile-68f2578b54c010056928c9b2-1763561540663-61886535.jfif","service":"chronix-backend"}
{"body":{},"level":"info","message":"GET /users/students","service":"chronix-backend"}
{"level":"info","message":"✅ Fetched 3 students","service":"chronix-backend"}
{"body":{},"level":"info","message":"GET /teachers","service":"chronix-backend"}
{"body":{},"level":"info","message":"GET /rooms","service":"chronix-backend"}
{"body":{},"level":"info","message":"GET /schedules","service":"chronix-backend"}
{"body":{},"level":"info","message":"GET /subjects","service":"chronix-backend"}
{"body":{},"level":"info","message":"GET /sections","service":"chronix-backend"}
{"body":{},"level":"info","message":"GET /admin-profile.html","service":"chronix-backend"}
{"body":{},"level":"info","message":"GET /css/admin-profile.css","service":"chronix-backend"}
{"body":{},"level":"info","message":"GET /js/admin-profile.js","service":"chronix-backend"}
{"body":{},"level":"info","message":"GET /img/img/CTU_new_logo-removebg-preview.png","service":"chronix-backend"}
{"body":{},"level":"info","message":"GET /img/img/CHRONIX_LOGO.png","service":"chronix-backend"}
{"body":{},"level":"info","message":"GET /js/api-config.js","service":"chronix-backend"}
{"body":{},"level":"info","message":"GET /js/error-handler.js","service":"chronix-backend"}
{"body":{},"level":"info","message":"GET /js/auth-guard.js","service":"chronix-backend"}
{"body":{},"level":"info","message":"GET /img/default_admin_avatar.png","service":"chronix-backend"}
{"body":{},"level":"info","message":"GET /user/68f2578b54c010056928c9b2","service":"chronix-backend"}
{"body":{},"level":"info","message":"GET /uploads/profile-68f2578b54c010056928c9b2-1763561540663-61886535.jfif","service":"chronix-backend"}
{"body":{},"level":"info","message":"PUT /user/68f2578b54c010056928c9b2","service":"chronix-backend"}
{"email":"admin@gmail.com","fullname":"System Administrato","level":"info","message":"🔄 Updating user with fields:","service":"chronix-backend"}
{"level":"info","message":"✅ Profile updated successfully for user:","service":"chronix-backend"}
{"body":{},"level":"info","message":"PUT /user/68f2578b54c010056928c9b2","service":"chronix-backend"}
{"email":"admin@gmail.com","fullname":"System Administrato","level":"info","message":"🔄 Updating user with fields:","service":"chronix-backend"}
{"level":"info","message":"✅ Profile updated successfully for user:","service":"chronix-backend"}
{"body":{},"level":"info","message":"GET /admin-dashboard.html","service":"chronix-backend"}
{"body":{},"level":"info","message":"GET /css/admin-dashboard.css","service":"chronix-backend"}
{"body":{},"level":"info","message":"GET /img/img/CTU_new_logo-removebg-preview.png","service":"chronix-backend"}
{"body":{},"level":"info","message":"GET /img/img/CHRONIX_LOGO.png","service":"chronix-backend"}
{"body":{},"level":"info","message":"GET /js/api-config.js","service":"chronix-backend"}
{"body":{},"level":"info","message":"GET /js/error-handler.js","service":"chronix-backend"}
{"body":{},"level":"info","message":"GET /js/auth-guard.js","service":"chronix-backend"}
{"body":{},"level":"info","message":"GET /js/admin-dashboard.js","service":"chronix-backend"}
{"body":{},"level":"info","message":"GET /img/default_admin_avatar.png","service":"chronix-backend"}
{"body":{},"level":"info","message":"GET /uploads/profile-68f2578b54c010056928c9b2-1763561540663-61886535.jfif","service":"chronix-backend"}
{"body":{},"level":"info","message":"GET /users/students","service":"chronix-backend"}
{"level":"info","message":"✅ Fetched 3 students","service":"chronix-backend"}
{"body":{},"level":"info","message":"GET /teachers","service":"chronix-backend"}
{"body":{},"level":"info","message":"GET /rooms","service":"chronix-backend"}
{"body":{},"level":"info","message":"GET /schedules","service":"chronix-backend"}
{"body":{},"level":"info","message":"GET /subjects","service":"chronix-backend"}
{"body":{},"level":"info","message":"GET /sections","service":"chronix-backend"}
{"body":{},"level":"info","message":"GET /admin-profile.html","service":"chronix-backend"}
{"body":{},"level":"info","message":"GET /css/admin-profile.css","service":"chronix-backend"}
{"body":{},"level":"info","message":"GET /img/img/CTU_new_logo-removebg-preview.png","service":"chronix-backend"}
{"body":{},"level":"info","message":"GET /img/img/CHRONIX_LOGO.png","service":"chronix-backend"}
{"body":{},"level":"info","message":"GET /js/api-config.js","service":"chronix-backend"}
{"body":{},"level":"info","message":"GET /js/error-handler.js","service":"chronix-backend"}
{"body":{},"level":"info","message":"GET /js/auth-guard.js","service":"chronix-backend"}
{"body":{},"level":"info","message":"GET /js/admin-profile.js","service":"chronix-backend"}
{"body":{},"level":"info","message":"GET /img/default_admin_avatar.png","service":"chronix-backend"}
{"body":{},"level":"info","message":"GET /user/68f2578b54c010056928c9b2","service":"chronix-backend"}
{"body":{},"level":"info","message":"GET /uploads/profile-68f2578b54c010056928c9b2-1763561540663-61886535.jfif","service":"chronix-backend"}
{"body":{},"level":"info","message":"PUT /user/68f2578b54c010056928c9b2","service":"chronix-backend"}
{"email":"admin@gmail.com","fullname":"System Administrator","level":"info","message":"🔄 Updating user with fields:","service":"chronix-backend"}
{"level":"info","message":"✅ Profile updated successfully for user:","service":"chronix-backend"}
{"body":{},"level":"info","message":"GET /admin-dashboard.html","service":"chronix-backend"}
{"body":{},"level":"info","message":"GET /css/admin-dashboard.css","service":"chronix-backend"}
{"body":{},"level":"info","message":"GET /img/img/CTU_new_logo-removebg-preview.png","service":"chronix-backend"}
{"body":{},"level":"info","message":"GET /img/img/CHRONIX_LOGO.png","service":"chronix-backend"}
{"body":{},"level":"info","message":"GET /js/api-config.js","service":"chronix-backend"}
{"body":{},"level":"info","message":"GET /js/error-handler.js","service":"chronix-backend"}
{"body":{},"level":"info","message":"GET /js/auth-guard.js","service":"chronix-backend"}
{"body":{},"level":"info","message":"GET /js/admin-dashboard.js","service":"chronix-backend"}
{"body":{},"level":"info","message":"GET /img/default_admin_avatar.png","service":"chronix-backend"}
{"body":{},"level":"info","message":"GET /uploads/profile-68f2578b54c010056928c9b2-1763561540663-61886535.jfif","service":"chronix-backend"}
{"body":{},"level":"info","message":"GET /users/students","service":"chronix-backend"}
{"level":"info","message":"✅ Fetched 3 students","service":"chronix-backend"}
{"body":{},"level":"info","message":"GET /teachers","service":"chronix-backend"}
{"body":{},"level":"info","message":"GET /rooms","service":"chronix-backend"}
{"body":{},"level":"info","message":"GET /schedules","service":"chronix-backend"}
{"body":{},"level":"info","message":"GET /subjects","service":"chronix-backend"}
{"body":{},"level":"info","message":"GET /sections","service":"chronix-backend"}
{"body":{},"level":"info","message":"GET /admin-profile.html","service":"chronix-backend"}
{"body":{},"level":"info","message":"GET /css/admin-profile.css","service":"chronix-backend"}
{"body":{},"level":"info","message":"GET /img/img/CTU_new_logo-removebg-preview.png","service":"chronix-backend"}
{"body":{},"level":"info","message":"GET /img/img/CHRONIX_LOGO.png","service":"chronix-backend"}
{"body":{},"level":"info","message":"GET /js/api-config.js","service":"chronix-backend"}
{"body":{},"level":"info","message":"GET /js/error-handler.js","service":"chronix-backend"}
{"body":{},"level":"info","message":"GET /js/auth-guard.js","service":"chronix-backend"}
{"body":{},"level":"info","message":"GET /js/admin-profile.js","service":"chronix-backend"}
{"body":{},"level":"info","message":"GET /img/default_admin_avatar.png","service":"chronix-backend"}
{"body":{},"level":"info","message":"GET /user/68f2578b54c010056928c9b2","service":"chronix-backend"}
{"body":{},"level":"info","message":"GET /uploads/profile-68f2578b54c010056928c9b2-1763561540663-61886535.jfif","service":"chronix-backend"}
{"body":{},"level":"info","message":"GET /admin-subjects.html","service":"chronix-backend"}
{"body":{},"level":"info","message":"GET /css/admin-subjects.css","service":"chronix-backend"}
{"body":{},"level":"info","message":"GET /img/img/CTU_new_logo-removebg-preview.png","service":"chronix-backend"}
{"body":{},"level":"info","message":"GET /img/img/CHRONIX_LOGO.png","service":"chronix-backend"}
{"body":{},"level":"info","message":"GET /js/api-config.js","service":"chronix-backend"}
{"body":{},"level":"info","message":"GET /js/error-handler.js","service":"chronix-backend"}
{"body":{},"level":"info","message":"GET /js/auth-guard.js","service":"chronix-backend"}
{"body":{},"level":"info","message":"GET /js/admin-subjects.js","service":"chronix-backend"}
{"body":{},"level":"info","message":"GET /img/default_admin_avatar.png","service":"chronix-backend"}
{"body":{},"level":"info","message":"GET /admin-dashboard.html","service":"chronix-backend"}
{"body":{},"level":"info","message":"GET /css/admin-dashboard.css","service":"chronix-backend"}
{"body":{},"level":"info","message":"GET /img/img/CTU_new_logo-removebg-preview.png","service":"chronix-backend"}
{"body":{},"level":"info","message":"GET /img/img/CHRONIX_LOGO.png","service":"chronix-backend"}
{"body":{},"level":"info","message":"GET /js/api-config.js","service":"chronix-backend"}
{"body":{},"level":"info","message":"GET /js/error-handler.js","service":"chronix-backend"}
{"body":{},"level":"info","message":"GET /js/auth-guard.js","service":"chronix-backend"}
{"body":{},"level":"info","message":"GET /js/admin-dashboard.js","service":"chronix-backend"}
{"body":{},"level":"info","message":"GET /img/default_admin_avatar.png","service":"chronix-backend"}
{"body":{},"level":"info","message":"GET /uploads/profile-68f2578b54c010056928c9b2-1763561540663-61886535.jfif","service":"chronix-backend"}
{"body":{},"level":"info","message":"GET /users/students","service":"chronix-backend"}
{"level":"info","message":"✅ Fetched 3 students","service":"chronix-backend"}
{"body":{},"level":"info","message":"GET /teachers","service":"chronix-backend"}
{"body":{},"level":"info","message":"GET /rooms","service":"chronix-backend"}
{"body":{},"level":"info","message":"GET /schedules","service":"chronix-backend"}
{"body":{},"level":"info","message":"GET /subjects","service":"chronix-backend"}
{"body":{},"level":"info","message":"GET /sections","service":"chronix-backend"}
{"body":{},"level":"info","message":"GET /admin-dashboard.html","service":"chronix-backend"}
{"body":{},"level":"info","message":"GET /css/admin-dashboard.css","service":"chronix-backend"}
{"body":{},"level":"info","message":"GET /img/img/CTU_new_logo-removebg-preview.png","service":"chronix-backend"}
{"body":{},"level":"info","message":"GET /js/api-config.js","service":"chronix-backend"}
{"body":{},"level":"info","message":"GET /js/error-handler.js","service":"chronix-backend"}
{"body":{},"level":"info","message":"GET /js/auth-guard.js","service":"chronix-backend"}
{"body":{},"level":"info","message":"GET /img/img/CHRONIX_LOGO.png","service":"chronix-backend"}
{"body":{},"level":"info","message":"GET /js/admin-dashboard.js","service":"chronix-backend"}
{"body":{},"level":"info","message":"GET /img/default_admin_avatar.png","service":"chronix-backend"}
{"body":{},"level":"info","message":"GET /uploads/profile-68f2578b54c010056928c9b2-1763561540663-61886535.jfif","service":"chronix-backend"}
{"body":{},"level":"info","message":"GET /users/students","service":"chronix-backend"}
{"level":"info","message":"✅ Fetched 3 students","service":"chronix-backend"}
{"body":{},"level":"info","message":"GET /teachers","service":"chronix-backend"}
{"body":{},"level":"info","message":"GET /rooms","service":"chronix-backend"}
{"body":{},"level":"info","message":"GET /schedules","service":"chronix-backend"}
{"body":{},"level":"info","message":"GET /subjects","service":"chronix-backend"}
{"body":{},"level":"info","message":"GET /sections","service":"chronix-backend"}
{"body":{},"level":"info","message":"GET /admin-subjects.html","service":"chronix-backend"}
{"body":{},"level":"info","message":"GET /css/admin-subjects.css","service":"chronix-backend"}
{"body":{},"level":"info","message":"GET /img/img/CTU_new_logo-removebg-preview.png","service":"chronix-backend"}
{"body":{},"level":"info","message":"GET /img/img/CHRONIX_LOGO.png","service":"chronix-backend"}
{"body":{},"level":"info","message":"GET /js/api-config.js","service":"chronix-backend"}
{"body":{},"level":"info","message":"GET /js/error-handler.js","service":"chronix-backend"}
{"body":{},"level":"info","message":"GET /js/auth-guard.js","service":"chronix-backend"}
{"body":{},"level":"info","message":"GET /js/admin-subjects.js","service":"chronix-backend"}
{"body":{},"level":"info","message":"GET /img/default_admin_avatar.png","service":"chronix-backend"}
{"body":{},"level":"info","message":"GET /user/68f2578b54c010056928c9b2","service":"chronix-backend"}
{"body":{},"level":"info","message":"GET /subjects","service":"chronix-backend"}
{"body":{},"level":"info","message":"GET /uploads/profile-68f2578b54c010056928c9b2-1763561540663-61886535.jfif","service":"chronix-backend"}
{"body":{},"level":"info","message":"GET /subjects","service":"chronix-backend"}
{"body":{},"level":"info","message":"GET /subjects","service":"chronix-backend"}
{"body":{},"level":"info","message":"GET /subjects","service":"chronix-backend"}
{"body":{"coPrerequisite":"CC 124, CC 214L","courseCode":"CC 31 CC 316","description":"Applications Development and Emerging Technologies covers the design and creation of modern software applications using current and emerging technologies. It emphasizes innovative development tools, frameworks, and platforms to build adaptive, scalable, and technology-driven solutions for real-world problems.","descriptiveTitle":"Applications Development and Emerging Technologies","labHours":"3","lecHours":"3","remarks":"","totalHours":"6","units":"3","yearLevel":3},"level":"info","message":"PUT /subjects/68f4398fea450ab4bf9221dc","service":"chronix-backend"}
{"body":{},"level":"info","message":"GET /subjects","service":"chronix-backend"}
{"body":{},"level":"info","message":"GET /subjects","service":"chronix-backend"}
{"body":{},"level":"info","message":"GET /subjects","service":"chronix-backend"}
{"body":{},"level":"info","message":"GET /subjects","service":"chronix-backend"}
{"body":{"coPrerequisite":"CC 124, CC 214L","courseCode":"CC 31 CC 316","description":"Applications Development and Emerging Technologies covers the design and creation of modern software applications using current and emerging technologies. It emphasizes innovative development tools, frameworks, and platforms to build adaptive, scalable, and technology-driven solutions for real-world problems.","descriptiveTitle":"Applications Development and Emerging Technologies","labHours":"3","lecHours":"2","remarks":"","totalHours":"5","units":"3","yearLevel":3},"level":"info","message":"PUT /subjects/68f4398fea450ab4bf9221dc","service":"chronix-backend"}
{"body":{},"level":"info","message":"GET /subjects","service":"chronix-backend"}
{"body":{},"level":"info","message":"GET /admin-sections.html","service":"chronix-backend"}
{"body":{},"level":"info","message":"GET /css/admin-sections.css","service":"chronix-backend"}
{"body":{},"level":"info","message":"GET /img/img/CTU_new_logo-removebg-preview.png","service":"chronix-backend"}
{"body":{},"level":"info","message":"GET /img/img/CHRONIX_LOGO.png","service":"chronix-backend"}
{"body":{},"level":"info","message":"GET /js/api-config.js","service":"chronix-backend"}
{"body":{},"level":"info","message":"GET /js/error-handler.js","service":"chronix-backend"}
{"body":{},"level":"info","message":"GET /js/auth-guard.js","service":"chronix-backend"}
{"body":{},"level":"info","message":"GET /js/admin-sections.js","service":"chronix-backend"}
{"body":{},"level":"info","message":"GET /img/default_admin_avatar.png","service":"chronix-backend"}
{"body":{},"level":"info","message":"GET /admin-subjects.html","service":"chronix-backend"}
{"body":{},"level":"info","message":"GET /css/admin-subjects.css","service":"chronix-backend"}
{"body":{},"level":"info","message":"GET /img/img/CTU_new_logo-removebg-preview.png","service":"chronix-backend"}
{"body":{},"level":"info","message":"GET /img/img/CHRONIX_LOGO.png","service":"chronix-backend"}
{"body":{},"level":"info","message":"GET /js/api-config.js","service":"chronix-backend"}
{"body":{},"level":"info","message":"GET /js/error-handler.js","service":"chronix-backend"}
{"body":{},"level":"info","message":"GET /js/auth-guard.js","service":"chronix-backend"}
{"body":{},"level":"info","message":"GET /js/admin-subjects.js","service":"chronix-backend"}
{"body":{},"level":"info","message":"GET /img/default_admin_avatar.png","service":"chronix-backend"}
{"body":{},"level":"info","message":"GET /user/68f2578b54c010056928c9b2","service":"chronix-backend"}
{"body":{},"level":"info","message":"GET /subjects","service":"chronix-backend"}
{"body":{},"level":"info","message":"GET /uploads/profile-68f2578b54c010056928c9b2-1763561540663-61886535.jfif","service":"chronix-backend"}
{"body":{},"level":"info","message":"GET /admin-sections.html","service":"chronix-backend"}
{"body":{},"level":"info","message":"GET /css/admin-sections.css","service":"chronix-backend"}
{"body":{},"level":"info","message":"GET /img/img/CTU_new_logo-removebg-preview.png","service":"chronix-backend"}
{"body":{},"level":"info","message":"GET /img/img/CHRONIX_LOGO.png","service":"chronix-backend"}
{"body":{},"level":"info","message":"GET /js/api-config.js","service":"chronix-backend"}
{"body":{},"level":"info","message":"GET /js/error-handler.js","service":"chronix-backend"}
{"body":{},"level":"info","message":"GET /js/auth-guard.js","service":"chronix-backend"}
{"body":{},"level":"info","message":"GET /js/admin-sections.js","service":"chronix-backend"}
{"body":{},"level":"info","message":"GET /img/default_admin_avatar.png","service":"chronix-backend"}
{"body":{},"level":"info","message":"GET /admin-subjects.html","service":"chronix-backend"}
{"body":{},"level":"info","message":"GET /css/admin-subjects.css","service":"chronix-backend"}
{"body":{},"level":"info","message":"GET /img/img/CTU_new_logo-removebg-preview.png","service":"chronix-backend"}
{"body":{},"level":"info","message":"GET /img/img/CHRONIX_LOGO.png","service":"chronix-backend"}
{"body":{},"level":"info","message":"GET /js/api-config.js","service":"chronix-backend"}
{"body":{},"level":"info","message":"GET /js/error-handler.js","service":"chronix-backend"}
{"body":{},"level":"info","message":"GET /js/auth-guard.js","service":"chronix-backend"}
{"body":{},"level":"info","message":"GET /js/admin-subjects.js","service":"chronix-backend"}
{"body":{},"level":"info","message":"GET /img/default_admin_avatar.png","service":"chronix-backend"}
{"body":{},"level":"info","message":"GET /user/68f2578b54c010056928c9b2","service":"chronix-backend"}
{"body":{},"level":"info","message":"GET /subjects","service":"chronix-backend"}
{"body":{},"level":"info","message":"GET /uploads/profile-68f2578b54c010056928c9b2-1763561540663-61886535.jfif","service":"chronix-backend"}
{"body":{},"level":"info","message":"GET /admin-subjects.html","service":"chronix-backend"}
{"body":{},"level":"info","message":"GET /css/admin-subjects.css","service":"chronix-backend"}
{"body":{},"level":"info","message":"GET /img/img/CTU_new_logo-removebg-preview.png","service":"chronix-backend"}
{"body":{},"level":"info","message":"GET /img/img/CHRONIX_LOGO.png","service":"chronix-backend"}
{"body":{},"level":"info","message":"GET /js/api-config.js","service":"chronix-backend"}
{"body":{},"level":"info","message":"GET /js/error-handler.js","service":"chronix-backend"}
{"body":{},"level":"info","message":"GET /js/auth-guard.js","service":"chronix-backend"}
{"body":{},"level":"info","message":"GET /js/admin-subjects.js","service":"chronix-backend"}
{"body":{},"level":"info","message":"GET /img/default_admin_avatar.png","service":"chronix-backend"}
{"body":{},"level":"info","message":"GET /user/68f2578b54c010056928c9b2","service":"chronix-backend"}
{"body":{},"level":"info","message":"GET /subjects","service":"chronix-backend"}
{"body":{},"level":"info","message":"GET /uploads/profile-68f2578b54c010056928c9b2-1763561540663-61886535.jfif","service":"chronix-backend"}
{"body":{},"level":"info","message":"GET /admin-sections.html","service":"chronix-backend"}
{"body":{},"level":"info","message":"GET /css/admin-sections.css","service":"chronix-backend"}
{"body":{},"level":"info","message":"GET /img/img/CTU_new_logo-removebg-preview.png","service":"chronix-backend"}
{"body":{},"level":"info","message":"GET /img/img/CHRONIX_LOGO.png","service":"chronix-backend"}
{"body":{},"level":"info","message":"GET /js/api-config.js","service":"chronix-backend"}
{"body":{},"level":"info","message":"GET /js/error-handler.js","service":"chronix-backend"}
{"body":{},"level":"info","message":"GET /js/auth-guard.js","service":"chronix-backend"}
{"body":{},"level":"info","message":"GET /js/admin-sections.js","service":"chronix-backend"}
{"body":{},"level":"info","message":"GET /img/default_admin_avatar.png","service":"chronix-backend"}
{"body":{},"level":"info","message":"GET /user/68f2578b54c010056928c9b2","service":"chronix-backend"}
{"body":{},"level":"info","message":"GET /sections","service":"chronix-backend"}
{"body":{},"level":"info","message":"GET /teachers","service":"chronix-backend"}
{"body":{},"level":"info","message":"GET /uploads/profile-68f2578b54c010056928c9b2-1763561540663-61886535.jfif","service":"chronix-backend"}
{"body":{"academicYear":"2026-2027","adviserTeacher":"","programID":"BSIT","sectionName":"1A","semester":"1st Semester","shift":"Day","status":"Archived","totalEnrolled":40,"yearLevel":1},"level":"info","message":"PUT /sections/68f305e3a6789b56e9cfa77e","service":"chronix-backend"}
{"body":{},"level":"info","message":"GET /sections","service":"chronix-backend"}
{"body":{"academicYear":"2025-2026","adviserTeacher":"","programID":"BSIT","sectionName":"1A","semester":"1st Semester","shift":"Day","status":"Active","totalEnrolled":40,"yearLevel":1},"level":"info","message":"PUT /sections/68f305e3a6789b56e9cfa77e","service":"chronix-backend"}
{"body":{},"level":"info","message":"GET /sections","service":"chronix-backend"}
{"body":{},"level":"info","message":"GET /admin-rooms.html","service":"chronix-backend"}
{"body":{},"level":"info","message":"GET /css/admin-rooms.css","service":"chronix-backend"}
{"body":{},"level":"info","message":"GET /img/img/CTU_new_logo-removebg-preview.png","service":"chronix-backend"}
{"body":{},"level":"info","message":"GET /img/img/CHRONIX_LOGO.png","service":"chronix-backend"}
{"body":{},"level":"info","message":"GET /js/api-config.js","service":"chronix-backend"}
{"body":{},"level":"info","message":"GET /js/error-handler.js","service":"chronix-backend"}
{"body":{},"level":"info","message":"GET /js/auth-guard.js","service":"chronix-backend"}
{"body":{},"level":"info","message":"GET /img/default_admin_avatar.png","service":"chronix-backend"}
{"body":{},"level":"info","message":"GET /js/admin-rooms.js","service":"chronix-backend"}
{"body":{},"level":"info","message":"GET /admin-sections.html","service":"chronix-backend"}
{"body":{},"level":"info","message":"GET /css/admin-sections.css","service":"chronix-backend"}
{"body":{},"level":"info","message":"GET /img/img/CTU_new_logo-removebg-preview.png","service":"chronix-backend"}
{"body":{},"level":"info","message":"GET /img/img/CHRONIX_LOGO.png","service":"chronix-backend"}
{"body":{},"level":"info","message":"GET /js/api-config.js","service":"chronix-backend"}
{"body":{},"level":"info","message":"GET /js/error-handler.js","service":"chronix-backend"}
{"body":{},"level":"info","message":"GET /js/auth-guard.js","service":"chronix-backend"}
{"body":{},"level":"info","message":"GET /js/admin-sections.js","service":"chronix-backend"}
{"body":{},"level":"info","message":"GET /img/default_admin_avatar.png","service":"chronix-backend"}
{"body":{},"level":"info","message":"GET /user/68f2578b54c010056928c9b2","service":"chronix-backend"}
{"body":{},"level":"info","message":"GET /sections","service":"chronix-backend"}
{"body":{},"level":"info","message":"GET /teachers","service":"chronix-backend"}
{"body":{},"level":"info","message":"GET /uploads/profile-68f2578b54c010056928c9b2-1763561540663-61886535.jfif","service":"chronix-backend"}
